INFO:root:Working on wo1_ogun_settlement_25
INFO:root:Reading wo1_ogun_settlement_25
INFO:root:Reading shapefile: C:\Users\jolai\INTEGRATION GmbH\Anna Bojarska - on-site survey tender_documents\INT internal\QA_QC\South West (Lot3)\Ogun\Geopackages\wo1_ogun_settlement_25\wo1_ogun_settlement_25.gpkg
INFO:root:Working on wo1_ogun_settlement_25
INFO:root:Reading wo1_ogun_settlement_25
INFO:root:Reading shapefile: C:\Users\jolai\INTEGRATION GmbH\Anna Bojarska - on-site survey tender_documents\INT internal\QA_QC\South West (Lot3)\Ogun\Geopackages\wo1_ogun_settlement_25\wo1_ogun_settlement_25.gpkg
INFO:root:Working on wo1_ogun_settlement_25
INFO:root:Reading wo1_ogun_settlement_25
INFO:root:Reading shapefile: C:\Users\jolai\INTEGRATION GmbH\Anna Bojarska - on-site survey tender_documents\INT internal\QA_QC\South West (Lot3)\Ogun\Geopackages\wo1_ogun_settlement_25.gpkg
INFO:root:Successfully opened wo1_ogun_settlement_25
INFO:root:Cleaning wo1_ogun_settlement_25
INFO:root:Successfully cleaned wo1_ogun_settlement_25
INFO:root:Transforming wo1_ogun_settlement_25
INFO:root:Successfully transformed wo1_ogun_settlement_25
INFO:root:Saving to geojson: wo1_ogun_settlement_25
INFO:root:Operation completed successfully wo1_ogun_settlement_25
INFO:root:Working on wo1_ogun_settlement_25
INFO:root:Reading wo1_ogun_settlement_25
INFO:root:Reading shapefile: C:\Users\jolai\INTEGRATION GmbH\Anna Bojarska - on-site survey tender_documents\INT internal\QA_QC\South West (Lot3)\Ogun\Geopackages\wo1_ogun_settlement_25.gpkg
INFO:root:Successfully opened wo1_ogun_settlement_25
INFO:root:Cleaning wo1_ogun_settlement_25
INFO:root:Successfully cleaned wo1_ogun_settlement_25
INFO:root:Transforming wo1_ogun_settlement_25
INFO:root:Successfully transformed wo1_ogun_settlement_25
INFO:root:Saving to geojson: wo1_ogun_settlement_25
INFO:root:Operation completed successfully wo1_ogun_settlement_25
INFO:root:Working on wo1_ogun_settlement_25
INFO:root:Reading wo1_ogun_settlement_25
INFO:root:Reading shapefile: C:\Users\jolai\INTEGRATION GmbH\Anna Bojarska - on-site survey tender_documents\INT internal\QA_QC\South West (Lot3)\Ogun\Geopackages\wo1_ogun_settlement_25.gpkg
INFO:root:Successfully opened wo1_ogun_settlement_25
INFO:root:Cleaning wo1_ogun_settlement_25
INFO:root:Successfully cleaned wo1_ogun_settlement_25
INFO:root:Transforming wo1_ogun_settlement_25
INFO:root:Successfully transformed wo1_ogun_settlement_25
INFO:root:Saving to geojson: wo1_ogun_settlement_25
ERROR:fiona._env:Failed to create GeoJSON datasource: C:\Users\jolai\INTEGRATION GmbH\Anna Bojarska - on-site survey tender_documents\INT internal\QA_QC\South West (Lot3)\Ogun\OSM Upload\wo1_ogun_settlement_25\new.geojson: C:\Users\jolai\INTEGRATION GmbH\Anna Bojarska - on-site survey tender_documents\INT internal\QA_QC\South West (Lot3)\Ogun\OSM Upload\wo1_ogun_settlement_25\new.geojson: No such file or directory
INFO:root:Working on wo1_ogun_settlement_25new
INFO:root:Reading wo1_ogun_settlement_25new
INFO:root:Reading shapefile: C:\Users\jolai\INTEGRATION GmbH\Anna Bojarska - on-site survey tender_documents\INT internal\QA_QC\South West (Lot3)\Ogun\Geopackages\wo1_ogun_settlement_25.gpkg
INFO:root:Successfully opened wo1_ogun_settlement_25new
INFO:root:Cleaning wo1_ogun_settlement_25new
INFO:root:Successfully cleaned wo1_ogun_settlement_25new
INFO:root:Transforming wo1_ogun_settlement_25new
INFO:root:Successfully transformed wo1_ogun_settlement_25new
INFO:root:Saving to geojson: wo1_ogun_settlement_25new
INFO:root:Operation completed successfully wo1_ogun_settlement_25new
